NodeVesion:
v5.12.0
--------------------
NPMVesion:
3.8.6
--------------------
node_module tree:
|--.bin
|  |--mime
|  |--pem-jwk
|  |--semver
|--accepts
|  |--HISTORY.md
|  |--LICENSE
|  |--README.md
|  |--index.js
|  |--package.json
|--ap
|  |--README.markdown
|  |--examples
|  |  |--z.js
|  |--index.js
|  |--package.json
|  |--test
|  |  |--curry.js
|--array-flatten
|  |--LICENSE
|  |--README.md
|  |--array-flatten.js
|  |--package.json
|--asn1.js
|  |--.npmignore
|  |--README.md
|  |--lib
|  |  |--asn1
|  |  |--asn1.js
|  |  |  |--api.js
|  |  |  |--base
|  |  |  |  |--buffer.js
|  |  |  |  |--index.js
|  |  |  |  |--node.js
|  |  |  |  |--reporter.js
|  |  |  |--constants
|  |  |  |  |--der.js
|  |  |  |  |--index.js
|  |  |  |--decoders
|  |  |  |  |--der.js
|  |  |  |  |--index.js
|  |  |  |  |--pem.js
|  |  |  |--encoders
|  |  |  |  |--der.js
|  |  |  |  |--index.js
|  |  |  |  |--pem.js
|  |--package.json
|  |--test.js
|--base64-url
|  |--LICENSE
|  |--README.md
|  |--index.js
|  |--package.json
|--basic-auth
|  |--HISTORY.md
|  |--LICENSE
|  |--README.md
|  |--index.js
|  |--package.json
|--bn.js
|  |--.npmignore
|  |--.travis.yml
|  |--README.md
|  |--lib
|  |  |--bn.js
|  |--package.json
|  |--test
|  |  |--arithmetic-test.js
|  |  |--binary-test.js
|  |  |--constructor-test.js
|  |  |--fixtures.js
|  |  |--pummel
|  |  |  |--dh-group-test.js
|  |  |--red-test.js
|  |  |--utils-test.js
|  |--util
|  |  |--genCombMulTo.js
|  |  |--genCombMulTo10.js
|--body-parser
|  |--HISTORY.md
|  |--LICENSE
|  |--README.md
|  |--index.js
|  |--lib
|  |  |--read.js
|  |  |--types
|  |  |  |--json.js
|  |  |  |--raw.js
|  |  |  |--text.js
|  |  |  |--urlencoded.js
|  |--package.json
|--brorand
|  |--.npmignore
|  |--README.md
|  |--index.js
|  |--package.json
|  |--test
|  |  |--api-test.js
|--buffer-writer
|  |--.npmignore
|  |--.travis.yml
|  |--LICENSE
|  |--README.md
|  |--benchmark
|  |  |--index.js
|  |  |--int-16-benchmark.js
|  |  |--int-32-benchmark.js
|  |  |--join-benchmark.js
|  |  |--resize-benchmark.js
|  |  |--small-benchmark.js
|  |--index.js
|  |--package.json
|  |--test
|  |  |--mocha.opts
|  |  |--writer-tests.js
|--bytes
|  |--History.md
|  |--LICENSE
|  |--Readme.md
|  |--index.js
|  |--package.json
|--commander
|  |--History.md
|  |--LICENSE
|  |--Readme.md
|  |--index.js
|  |--package.json
|--content-disposition
|  |--HISTORY.md
|  |--LICENSE
|  |--README.md
|  |--index.js
|  |--package.json
|--content-type
|  |--HISTORY.md
|  |--LICENSE
|  |--README.md
|  |--index.js
|  |--package.json
|--cookie
|--cookie-parser
|  |--HISTORY.md
|  |--LICENSE
|  |--README.md
|  |--index.js
|  |--package.json
|--cookie-signature
|  |--.npmignore
|  |--History.md
|  |--Readme.md
|  |--index.js
|  |--package.json
|  |--HISTORY.md
|  |--LICENSE
|  |--README.md
|  |--index.js
|  |--package.json
|--crc
|  |--LICENSE
|  |--lib
|  |  |--crc1.js
|  |  |--crc16.js
|  |  |--crc16_ccitt.js
|  |  |--crc16_kermit.js
|  |  |--crc16_modbus.js
|  |  |--crc16_xmodem.js
|  |  |--crc24.js
|  |  |--crc32.js
|  |  |--crc8.js
|  |  |--crc8_1wire.js
|  |  |--define_crc.js
|  |  |--index.js
|  |--package.json
|--crypto
|  |--.md5.js.un~
|  |--.package.json.un~
|  |--.sha1.js.un~
|  |--History.md
|  |--Readme.md
|  |--md5.js
|  |--package.json
|  |--sha1.js
|  |--test
|  |  |--test-crypto.js
|--debug
|  |--.jshintrc
|  |--.npmignore
|  |--History.md
|  |--Makefile
|  |--Readme.md
|  |--bower.json
|  |--browser.js
|  |--component.json
|  |--debug.js
|  |--node.js
|  |--package.json
|--depd
|  |--History.md
|  |--LICENSE
|  |--Readme.md
|  |--index.js
|  |--lib
|  |  |--browser
|  |  |  |--index.js
|  |  |--compat
|  |  |  |--buffer-concat.js
|  |  |  |--callsite-tostring.js
|  |  |  |--event-listener-count.js
|  |  |  |--index.js
|  |--package.json
|--destroy
|  |--LICENSE
|  |--README.md
|  |--index.js
|  |--package.json
|--ee-first
|  |--LICENSE
|  |--README.md
|  |--index.js
|  |--package.json
|--ejs
|  |--Jakefile
|  |--LICENSE
|  |--README.md
|  |--ejs.js
|  |--ejs.min.js
|  |--lib
|  |  |--ejs.js
|  |  |--utils.js
|  |--package.json
|  |--test
|  |  |--ejs.js
|  |  |--fixtures
|  |  |  |--backslash.ejs
|  |  |  |--backslash.html
|  |  |  |--comments.ejs
|  |  |  |--comments.html
|  |  |  |--consecutive-tags.ejs
|  |  |  |--consecutive-tags.html
|  |  |  |--double-quote.ejs
|  |  |  |--double-quote.html
|  |  |  |--error.ejs
|  |  |  |--error.out
|  |  |  |--fail.ejs
|  |  |  |--hello-world.ejs
|  |  |  |--include-abspath.ejs
|  |  |  |--include-root.ejs
|  |  |  |--include-simple.ejs
|  |  |  |--include-simple.html
|  |  |  |--include.css.ejs
|  |  |  |--include.css.html
|  |  |  |--include.ejs
|  |  |  |--include.html
|  |  |  |--include_cache.ejs
|  |  |  |--include_cache.html
|  |  |  |--include_preprocessor.css.ejs
|  |  |  |--include_preprocessor.css.html
|  |  |  |--include_preprocessor.ejs
|  |  |  |--include_preprocessor.html
|  |  |  |--include_preprocessor_cache.ejs
|  |  |  |--include_preprocessor_cache.html
|  |  |  |--include_preprocessor_line_slurp.ejs
|  |  |  |--include_preprocessor_line_slurp.html
|  |  |  |--include_preprocessor_line_slurp_child.ejs
|  |  |  |--includes
|  |  |  |  |--bom.ejs
|  |  |  |  |--menu
|  |  |  |  |--menu-item.ejs
|  |  |  |  |  |--item.ejs
|  |  |  |--literal.ejs
|  |  |  |--literal.html
|  |  |  |--menu.ejs
|  |  |  |--menu.html
|  |  |  |--menu_preprocessor.ejs
|  |  |  |--menu_preprocessor.html
|  |  |  |--menu_var.ejs
|  |  |  |--messed.ejs
|  |  |  |--messed.html
|  |  |  |--newlines.ejs
|  |  |  |--newlines.html
|  |  |  |--newlines.mixed.ejs
|  |  |  |--newlines.mixed.html
|  |  |  |--no.newlines.ejs
|  |  |  |--no.newlines.error.ejs
|  |  |  |--no.newlines.html
|  |  |  |--no.semicolons.ejs
|  |  |  |--no.semicolons.html
|  |  |  |--para.ejs
|  |  |  |--pet.ejs
|  |  |  |--rmWhitespace.ejs
|  |  |  |--rmWhitespace.html
|  |  |  |--single-quote.ejs
|  |  |  |--single-quote.html
|  |  |  |--space-and-tab-slurp.ejs
|  |  |  |--space-and-tab-slurp.html
|  |  |  |--strict.ejs
|  |  |  |--style.css
|  |  |  |--user-no-with.ejs
|  |  |  |--user.ejs
|  |  |  |--with-context.ejs
|  |  |--mocha.opts
|  |  |--tmp
|  |  |  |--include.ejs
|  |  |  |--include_preprocessor.ejs
|  |  |  |--renderFile.ejs
|--elliptic
|  |--README.md
|  |--lib
|  |  |--elliptic
|  |  |--elliptic.js
|  |  |  |--curve
|  |  |  |  |--base.js
|  |  |  |  |--edwards.js
|  |  |  |  |--index.js
|  |  |  |  |--mont.js
|  |  |  |  |--short.js
|  |  |  |--curves.js
|  |  |  |--ec
|  |  |  |  |--index.js
|  |  |  |  |--key.js
|  |  |  |  |--signature.js
|  |  |  |--eddsa
|  |  |  |  |--index.js
|  |  |  |  |--key.js
|  |  |  |  |--signature.js
|  |  |  |--hmac-drbg.js
|  |  |  |--precomputed
|  |  |  |  |--secp256k1.js
|  |  |  |--utils.js
|  |--package.json
|--encodeurl
|  |--HISTORY.md
|  |--LICENSE
|  |--README.md
|  |--index.js
|  |--package.json
|--escape-html
|  |--LICENSE
|  |--Readme.md
|  |--index.js
|  |--package.json
|--etag
|  |--HISTORY.md
|  |--LICENSE
|  |--README.md
|  |--index.js
|  |--package.json
|--express
|--express-session
|  |--HISTORY.md
|  |--LICENSE
|  |--README.md
|  |--index.js
|  |--package.json
|  |--session
|  |  |--cookie.js
|  |  |--memory.js
|  |  |--session.js
|  |  |--store.js
|  |--History.md
|  |--LICENSE
|  |--Readme.md
|  |--index.js
|  |--lib
|  |  |--application.js
|  |  |--express.js
|  |  |--middleware
|  |  |  |--init.js
|  |  |  |--query.js
|  |  |--request.js
|  |  |--response.js
|  |  |--router
|  |  |  |--index.js
|  |  |  |--layer.js
|  |  |  |--route.js
|  |  |--utils.js
|  |  |--view.js
|  |--package.json
|--finalhandler
|  |--HISTORY.md
|  |--LICENSE
|  |--README.md
|  |--index.js
|  |--package.json
|--forwarded
|  |--HISTORY.md
|  |--LICENSE
|  |--README.md
|  |--index.js
|  |--package.json
|--fresh
|  |--HISTORY.md
|  |--LICENSE
|  |--README.md
|  |--index.js
|  |--package.json
|--generic-pool
|  |--.eslintrc.js
|  |--.npmignore
|  |--.travis.yml
|  |--CHANGELOG.md
|  |--Makefile
|  |--README.md
|  |--bugs
|  |  |--128.js
|  |--fabfile.py
|  |--lib
|  |  |--generic-pool.js
|  |--package.json
|  |--test
|  |  |--generic-pool.test.js
|--graceful-readlink
|  |--.npmignore
|  |--.travis.yml
|  |--LICENSE
|  |--README.md
|  |--index.js
|  |--package.json
|--hash.js
|  |--.npmignore
|  |--.travis.yml
|  |--README.md
|  |--lib
|  |  |--hash
|  |  |--hash.js
|  |  |  |--common.js
|  |  |  |--hmac.js
|  |  |  |--ripemd.js
|  |  |  |--sha.js
|  |  |  |--utils.js
|  |--package.json
|  |--test
|  |  |--hash-test.js
|  |  |--hmac-test.js
|--http-errors
|  |--HISTORY.md
|  |--LICENSE
|  |--README.md
|  |--index.js
|  |--package.json
|--iconv-lite
|  |--.npmignore
|  |--.travis.yml
|  |--Changelog.md
|  |--LICENSE
|  |--README.md
|  |--encodings
|  |  |--dbcs-codec.js
|  |  |--dbcs-data.js
|  |  |--index.js
|  |  |--internal.js
|  |  |--sbcs-codec.js
|  |  |--sbcs-data-generated.js
|  |  |--sbcs-data.js
|  |  |--tables
|  |  |  |--big5-added.json
|  |  |  |--cp936.json
|  |  |  |--cp949.json
|  |  |  |--cp950.json
|  |  |  |--eucjp.json
|  |  |  |--gb18030-ranges.json
|  |  |  |--gbk-added.json
|  |  |  |--shiftjis.json
|  |  |--utf16.js
|  |  |--utf7.js
|  |--lib
|  |  |--bom-handling.js
|  |  |--extend-node.js
|  |  |--index.js
|  |  |--streams.js
|  |--package.json
|--inherits
|  |--LICENSE
|  |--README.md
|  |--inherits.js
|  |--inherits_browser.js
|  |--package.json
|--ipaddr.js
|  |--.npmignore
|  |--.travis.yml
|  |--Cakefile
|  |--LICENSE
|  |--README.md
|  |--bower.json
|  |--ipaddr.min.js
|  |--lib
|  |  |--ipaddr.js
|  |--package.json
|  |--src
|  |  |--ipaddr.coffee
|  |--test
|  |  |--ipaddr.test.coffee
|--jsrsasign
|  |--Makefile
|  |--README.md
|  |--lib
|  |  |--footer.js
|  |  |--header.js
|  |  |--jsrsasign.js
|  |  |--lib.js
|  |--package.json
|--jwk-to-pem
|  |--LICENSE
|  |--README.md
|  |--package.json
|  |--src
|  |  |--b64-to-bn.js
|  |  |--ec.js
|  |  |--jwk-to-pem.js
|  |  |--rsa.js
|--manakin
|  |--README.md
|  |--lib
|  |  |--index.js
|  |  |--writer.js
|  |--package.json
|--media-typer
|  |--HISTORY.md
|  |--LICENSE
|  |--README.md
|  |--index.js
|  |--package.json
|--merge-descriptors
|  |--HISTORY.md
|  |--LICENSE
|  |--README.md
|  |--index.js
|  |--package.json
|--methods
|  |--HISTORY.md
|  |--LICENSE
|  |--README.md
|  |--index.js
|  |--package.json
|--mime
|--mime-db
|  |--HISTORY.md
|  |--LICENSE
|  |--README.md
|  |--db.json
|  |--index.js
|  |--package.json
|--mime-types
|  |--HISTORY.md
|  |--LICENSE
|  |--README.md
|  |--index.js
|  |--package.json
|  |--.npmignore
|  |--LICENSE
|  |--README.md
|  |--build
|  |  |--build.js
|  |  |--test.js
|  |--cli.js
|  |--mime.js
|  |--package.json
|  |--types.json
|--minimalistic-assert
|  |--index.js
|  |--package.json
|  |--readme.md
|--moment
|  |--CHANGELOG.md
|  |--LICENSE
|  |--README.md
|  |--ender.js
|  |--locale
|  |  |--af.js
|  |  |--ar-dz.js
|  |  |--ar-ly.js
|  |  |--ar-ma.js
|  |  |--ar-sa.js
|  |  |--ar-tn.js
|  |  |--ar.js
|  |  |--az.js
|  |  |--be.js
|  |  |--bg.js
|  |  |--bn.js
|  |  |--bo.js
|  |  |--br.js
|  |  |--bs.js
|  |  |--ca.js
|  |  |--cs.js
|  |  |--cv.js
|  |  |--cy.js
|  |  |--da.js
|  |  |--de-at.js
|  |  |--de.js
|  |  |--dv.js
|  |  |--el.js
|  |  |--en-au.js
|  |  |--en-ca.js
|  |  |--en-gb.js
|  |  |--en-ie.js
|  |  |--en-nz.js
|  |  |--eo.js
|  |  |--es-do.js
|  |  |--es.js
|  |  |--et.js
|  |  |--eu.js
|  |  |--fa.js
|  |  |--fi.js
|  |  |--fo.js
|  |  |--fr-ca.js
|  |  |--fr-ch.js
|  |  |--fr.js
|  |  |--fy.js
|  |  |--gd.js
|  |  |--gl.js
|  |  |--he.js
|  |  |--hi.js
|  |  |--hr.js
|  |  |--hu.js
|  |  |--hy-am.js
|  |  |--id.js
|  |  |--is.js
|  |  |--it.js
|  |  |--ja.js
|  |  |--jv.js
|  |  |--ka.js
|  |  |--kk.js
|  |  |--km.js
|  |  |--ko.js
|  |  |--ky.js
|  |  |--lb.js
|  |  |--lo.js
|  |  |--lt.js
|  |  |--lv.js
|  |  |--me.js
|  |  |--mi.js
|  |  |--mk.js
|  |  |--ml.js
|  |  |--mr.js
|  |  |--ms-my.js
|  |  |--ms.js
|  |  |--my.js
|  |  |--nb.js
|  |  |--ne.js
|  |  |--nl-be.js
|  |  |--nl.js
|  |  |--nn.js
|  |  |--pa-in.js
|  |  |--pl.js
|  |  |--pt-br.js
|  |  |--pt.js
|  |  |--ro.js
|  |  |--ru.js
|  |  |--se.js
|  |  |--si.js
|  |  |--sk.js
|  |  |--sl.js
|  |  |--sq.js
|  |  |--sr-cyrl.js
|  |  |--sr.js
|  |  |--ss.js
|  |  |--sv.js
|  |  |--sw.js
|  |  |--ta.js
|  |  |--te.js
|  |  |--tet.js
|  |  |--th.js
|  |  |--tl-ph.js
|  |  |--tlh.js
|  |  |--tr.js
|  |  |--tzl.js
|  |  |--tzm-latn.js
|  |  |--tzm.js
|  |  |--uk.js
|  |  |--uz.js
|  |  |--vi.js
|  |  |--x-pseudo.js
|  |  |--yo.js
|  |  |--zh-cn.js
|  |  |--zh-hk.js
|  |  |--zh-tw.js
|  |--min
|  |  |--locales.js
|  |  |--locales.min.js
|  |  |--moment-with-locales.js
|  |  |--moment-with-locales.min.js
|  |  |--moment.min.js
|  |--moment.d.ts
|  |--moment.js
|  |--package.js
|  |--package.json
|  |--src
|  |  |--lib
|  |  |  |--create
|  |  |  |  |--check-overflow.js
|  |  |  |  |--date-from-array.js
|  |  |  |  |--from-anything.js
|  |  |  |  |--from-array.js
|  |  |  |  |--from-object.js
|  |  |  |  |--from-string-and-array.js
|  |  |  |  |--from-string-and-format.js
|  |  |  |  |--from-string.js
|  |  |  |  |--local.js
|  |  |  |  |--parsing-flags.js
|  |  |  |  |--utc.js
|  |  |  |  |--valid.js
|  |  |  |--duration
|  |  |  |  |--abs.js
|  |  |  |  |--add-subtract.js
|  |  |  |  |--as.js
|  |  |  |  |--bubble.js
|  |  |  |  |--constructor.js
|  |  |  |  |--create.js
|  |  |  |  |--duration.js
|  |  |  |  |--get.js
|  |  |  |  |--humanize.js
|  |  |  |  |--iso-string.js
|  |  |  |  |--prototype.js
|  |  |  |--format
|  |  |  |  |--format.js
|  |  |  |--locale
|  |  |  |  |--base-config.js
|  |  |  |  |--calendar.js
|  |  |  |  |--constructor.js
|  |  |  |  |--en.js
|  |  |  |  |--formats.js
|  |  |  |  |--invalid.js
|  |  |  |  |--lists.js
|  |  |  |  |--locale.js
|  |  |  |  |--locales.js
|  |  |  |  |--ordinal.js
|  |  |  |  |--pre-post-format.js
|  |  |  |  |--prototype.js
|  |  |  |  |--relative.js
|  |  |  |  |--set.js
|  |  |  |--moment
|  |  |  |  |--add-subtract.js
|  |  |  |  |--calendar.js
|  |  |  |  |--clone.js
|  |  |  |  |--compare.js
|  |  |  |  |--constructor.js
|  |  |  |  |--creation-data.js
|  |  |  |  |--diff.js
|  |  |  |  |--format.js
|  |  |  |  |--from.js
|  |  |  |  |--get-set.js
|  |  |  |  |--locale.js
|  |  |  |  |--min-max.js
|  |  |  |  |--moment.js
|  |  |  |  |--now.js
|  |  |  |  |--prototype.js
|  |  |  |  |--start-end-of.js
|  |  |  |  |--to-type.js
|  |  |  |  |--to.js
|  |  |  |  |--valid.js
|  |  |  |--parse
|  |  |  |  |--regex.js
|  |  |  |  |--token.js
|  |  |  |--units
|  |  |  |  |--aliases.js
|  |  |  |  |--constants.js
|  |  |  |  |--day-of-month.js
|  |  |  |  |--day-of-week.js
|  |  |  |  |--day-of-year.js
|  |  |  |  |--hour.js
|  |  |  |  |--millisecond.js
|  |  |  |  |--minute.js
|  |  |  |  |--month.js
|  |  |  |  |--offset.js
|  |  |  |  |--priorities.js
|  |  |  |  |--quarter.js
|  |  |  |  |--second.js
|  |  |  |  |--timestamp.js
|  |  |  |  |--timezone.js
|  |  |  |  |--units.js
|  |  |  |  |--week-calendar-utils.js
|  |  |  |  |--week-year.js
|  |  |  |  |--week.js
|  |  |  |  |--year.js
|  |  |  |--utils
|  |  |  |  |--abs-ceil.js
|  |  |  |  |--abs-floor.js
|  |  |  |  |--abs-round.js
|  |  |  |  |--compare-arrays.js
|  |  |  |  |--defaults.js
|  |  |  |  |--deprecate.js
|  |  |  |  |--extend.js
|  |  |  |  |--has-own-prop.js
|  |  |  |  |--hooks.js
|  |  |  |  |--index-of.js
|  |  |  |  |--is-array.js
|  |  |  |  |--is-date.js
|  |  |  |  |--is-function.js
|  |  |  |  |--is-number.js
|  |  |  |  |--is-object-empty.js
|  |  |  |  |--is-object.js
|  |  |  |  |--is-undefined.js
|  |  |  |  |--keys.js
|  |  |  |  |--map.js
|  |  |  |  |--some.js
|  |  |  |  |--to-int.js
|  |  |  |  |--zero-fill.js
|  |  |--locale
|  |  |  |--af.js
|  |  |  |--ar-dz.js
|  |  |  |--ar-ly.js
|  |  |  |--ar-ma.js
|  |  |  |--ar-sa.js
|  |  |  |--ar-tn.js
|  |  |  |--ar.js
|  |  |  |--az.js
|  |  |  |--be.js
|  |  |  |--bg.js
|  |  |  |--bn.js
|  |  |  |--bo.js
|  |  |  |--br.js
|  |  |  |--bs.js
|  |  |  |--ca.js
|  |  |  |--cs.js
|  |  |  |--cv.js
|  |  |  |--cy.js
|  |  |  |--da.js
|  |  |  |--de-at.js
|  |  |  |--de.js
|  |  |  |--dv.js
|  |  |  |--el.js
|  |  |  |--en-au.js
|  |  |  |--en-ca.js
|  |  |  |--en-gb.js
|  |  |  |--en-ie.js
|  |  |  |--en-nz.js
|  |  |  |--eo.js
|  |  |  |--es-do.js
|  |  |  |--es.js
|  |  |  |--et.js
|  |  |  |--eu.js
|  |  |  |--fa.js
|  |  |  |--fi.js
|  |  |  |--fo.js
|  |  |  |--fr-ca.js
|  |  |  |--fr-ch.js
|  |  |  |--fr.js
|  |  |  |--fy.js
|  |  |  |--gd.js
|  |  |  |--gl.js
|  |  |  |--he.js
|  |  |  |--hi.js
|  |  |  |--hr.js
|  |  |  |--hu.js
|  |  |  |--hy-am.js
|  |  |  |--id.js
|  |  |  |--is.js
|  |  |  |--it.js
|  |  |  |--ja.js
|  |  |  |--jv.js
|  |  |  |--ka.js
|  |  |  |--kk.js
|  |  |  |--km.js
|  |  |  |--ko.js
|  |  |  |--ky.js
|  |  |  |--lb.js
|  |  |  |--lo.js
|  |  |  |--lt.js
|  |  |  |--lv.js
|  |  |  |--me.js
|  |  |  |--mi.js
|  |  |  |--mk.js
|  |  |  |--ml.js
|  |  |  |--mr.js
|  |  |  |--ms-my.js
|  |  |  |--ms.js
|  |  |  |--my.js
|  |  |  |--nb.js
|  |  |  |--ne.js
|  |  |  |--nl-be.js
|  |  |  |--nl.js
|  |  |  |--nn.js
|  |  |  |--pa-in.js
|  |  |  |--pl.js
|  |  |  |--pt-br.js
|  |  |  |--pt.js
|  |  |  |--ro.js
|  |  |  |--ru.js
|  |  |  |--se.js
|  |  |  |--si.js
|  |  |  |--sk.js
|  |  |  |--sl.js
|  |  |  |--sq.js
|  |  |  |--sr-cyrl.js
|  |  |  |--sr.js
|  |  |  |--ss.js
|  |  |  |--sv.js
|  |  |  |--sw.js
|  |  |  |--ta.js
|  |  |  |--te.js
|  |  |  |--tet.js
|  |  |  |--th.js
|  |  |  |--tl-ph.js
|  |  |  |--tlh.js
|  |  |  |--tr.js
|  |  |  |--tzl.js
|  |  |  |--tzm-latn.js
|  |  |  |--tzm.js
|  |  |  |--uk.js
|  |  |  |--uz.js
|  |  |  |--vi.js
|  |  |  |--x-pseudo.js
|  |  |  |--yo.js
|  |  |  |--zh-cn.js
|  |  |  |--zh-hk.js
|  |  |  |--zh-tw.js
|  |  |--moment.js
|--morgan
|  |--HISTORY.md
|  |--LICENSE
|  |--README.md
|  |--index.js
|  |--package.json
|--ms
|  |--.npmignore
|  |--History.md
|  |--LICENSE
|  |--README.md
|  |--index.js
|  |--package.json
|--negotiator
|  |--HISTORY.md
|  |--LICENSE
|  |--README.md
|  |--index.js
|  |--lib
|  |  |--charset.js
|  |  |--encoding.js
|  |  |--language.js
|  |  |--mediaType.js
|  |--package.json
|--object-assign
|  |--index.js
|  |--license
|  |--package.json
|  |--readme.md
|--on-finished
|  |--HISTORY.md
|  |--LICENSE
|  |--README.md
|  |--index.js
|  |--package.json
|--on-headers
|  |--HISTORY.md
|  |--LICENSE
|  |--README.md
|  |--index.js
|  |--package.json
|--packet-reader
|  |--.npmignore
|  |--index.js
|  |--package.json
|  |--test
|  |  |--index.js
|--parseurl
|  |--HISTORY.md
|  |--LICENSE
|  |--README.md
|  |--index.js
|  |--package.json
|--path-to-regexp
|  |--History.md
|  |--LICENSE
|  |--Readme.md
|  |--index.js
|  |--package.json
|--pem-jwk
|  |--.npmignore
|  |--README.md
|  |--bin
|  |  |--pem-jwk.js
|  |--factor.js
|  |--index.js
|  |--node_modules
|  |  |--asn1.js
|  |  |  |--.npmignore
|  |  |  |--README.md
|  |  |  |--lib
|  |  |  |  |--asn1
|  |  |  |  |--asn1.js
|  |  |  |  |  |--api.js
|  |  |  |  |  |--base
|  |  |  |  |  |  |--buffer.js
|  |  |  |  |  |  |--index.js
|  |  |  |  |  |  |--node.js
|  |  |  |  |  |  |--reporter.js
|  |  |  |  |  |--constants
|  |  |  |  |  |  |--der.js
|  |  |  |  |  |  |--index.js
|  |  |  |  |  |--decoders
|  |  |  |  |  |  |--der.js
|  |  |  |  |  |  |--index.js
|  |  |  |  |  |--encoders
|  |  |  |  |  |  |--der.js
|  |  |  |  |  |  |--index.js
|  |  |  |--package.json
|  |  |  |--rfc
|  |  |  |  |--2560
|  |  |  |  |  |--index.js
|  |  |  |  |  |--package.json
|  |  |  |  |  |--test
|  |  |  |  |  |  |--basic-test.js
|  |  |  |  |--3280
|  |  |  |  |  |--index.js
|  |  |  |  |  |--package.json
|  |  |  |  |  |--test
|  |  |  |  |  |  |--basic-test.js
|  |  |  |--test
|  |  |  |  |--der-decode-test.js
|  |  |  |  |--der-encode-test.js
|  |  |  |  |--error-test.js
|  |  |  |  |--ping-pong-test.js
|  |  |  |  |--use-test.js
|  |  |--bn.js
|  |  |  |--.jshintrc
|  |  |  |--.npmignore
|  |  |  |--.travis.yml
|  |  |  |--README.md
|  |  |  |--lib
|  |  |  |  |--bn.js
|  |  |  |--package.json
|  |  |  |--test
|  |  |  |  |--bn-test.js
|  |  |  |  |--fixtures.js
|  |  |  |  |--pummel
|  |  |  |  |  |--dh-group-test.js
|  |  |  |  |--red-test.js
|  |--package.json
|  |--test
|  |  |--factor.js
|  |  |--priv.pem
|  |  |--pub.pem
|  |  |--pubrsa.pem
|  |  |--test.js
|--pg
|--pg-connection-string
|  |--.npmignore
|  |--.travis.yml
|  |--LICENSE
|  |--README.md
|  |--index.js
|  |--package.json
|  |--test
|  |  |--parse.js
|--pg-minify
|  |--README.md
|  |--lib
|  |  |--error.js
|  |  |--index.js
|  |  |--parser.js
|  |--package.json
|  |--typescript
|  |  |--README.md
|  |  |--pg-minify.d.ts
|--pg-pool
|  |--.npmignore
|  |--.travis.yml
|  |--Makefile
|  |--README.md
|  |--index.js
|  |--package.json
|  |--test
|  |  |--events.js
|  |  |--index.js
|  |  |--logging.js
|  |  |--mocha.opts
|--pg-promise
|  |--README.md
|  |--history.md
|  |--lib
|  |  |--adapter.js
|  |  |--array.js
|  |  |--async.js
|  |  |--cnContext.js
|  |  |--connect.js
|  |  |--database.js
|  |  |--errors
|  |  |  |--README.md
|  |  |  |--index.js
|  |  |  |--paramQuery.js
|  |  |  |--prepared.js
|  |  |  |--queryFile.js
|  |  |  |--queryResult.js
|  |  |--events.js
|  |  |--formatting.js
|  |  |--helpers
|  |  |  |--README.md
|  |  |  |--column.js
|  |  |  |--columnSet.js
|  |  |  |--index.js
|  |  |  |--methods
|  |  |  |  |--concat.js
|  |  |  |  |--insert.js
|  |  |  |  |--sets.js
|  |  |  |  |--update.js
|  |  |  |  |--values.js
|  |  |  |--tableName.js
|  |  |--index.js
|  |  |--promise.js
|  |  |--query.js
|  |  |--queryFile.js
|  |  |--result.js
|  |  |--special.js
|  |  |--stream.js
|  |  |--task.js
|  |  |--txMode.js
|  |  |--types
|  |  |  |--index.js
|  |  |  |--parameterized.js
|  |  |  |--prepared.js
|  |  |--utils
|  |  |  |--README.md
|  |  |  |--index.js
|  |  |  |--public.js
|  |--node_modules
|  |  |--pg
|  |  |  |--.jshintrc
|  |  |  |--.npmignore
|  |  |  |--.travis.yml
|  |  |  |--CHANGELOG.md
|  |  |  |--Makefile
|  |  |  |--README.md
|  |  |  |--lib
|  |  |  |  |--client.js
|  |  |  |  |--connection-parameters.js
|  |  |  |  |--connection.js
|  |  |  |  |--defaults.js
|  |  |  |  |--index.js
|  |  |  |  |--native
|  |  |  |  |  |--index.js
|  |  |  |  |  |--query.js
|  |  |  |  |  |--result.js
|  |  |  |  |--pool.js
|  |  |  |  |--query.js
|  |  |  |  |--result.js
|  |  |  |  |--type-overrides.js
|  |  |  |  |--utils.js
|  |  |  |--package.json
|  |  |--pgpass
|  |  |  |--#README.md#
|  |  |  |--.jshintrc
|  |  |  |--.npmignore
|  |  |  |--.travis.yml
|  |  |  |--README.md
|  |  |  |--lib
|  |  |  |  |--helper.js
|  |  |  |  |--index.js
|  |  |  |--package.json
|  |  |  |--test
|  |  |  |  |--#1 de-escaping.js
|  |  |  |  |--#1 escaping.js
|  |  |  |  |--_pgpass
|  |  |  |  |--countOpenFiles.sh
|  |  |  |  |--helper.js
|  |  |  |  |--index.js
|  |  |  |  |--integration
|  |  |  |  |  |--#1 escaping.js
|  |--package.json
|  |--typescript
|  |  |--README.MD
|  |  |--ext-promise.d.ts
|  |  |--pg-promise.d.ts
|  |  |--pg-subset.d.ts
|--pg-types
|  |--.npmignore
|  |--.travis.yml
|  |--Makefile
|  |--README.md
|  |--index.js
|  |--lib
|  |  |--arrayParser.js
|  |  |--binaryParsers.js
|  |  |--textParsers.js
|  |--package.json
|  |--test
|  |  |--index.js
|  |  |--types.js
|  |--.jshintrc
|  |--.npmignore
|  |--.travis.yml
|  |--CHANGELOG.md
|  |--Makefile
|  |--README.md
|  |--lib
|  |  |--client.js
|  |  |--connection-parameters.js
|  |  |--connection.js
|  |  |--defaults.js
|  |  |--index.js
|  |  |--native
|  |  |  |--index.js
|  |  |  |--query.js
|  |  |  |--result.js
|  |  |--pool-factory.js
|  |  |--query.js
|  |  |--result.js
|  |  |--type-overrides.js
|  |  |--utils.js
|  |--package.json
|--pgpass
|  |--.jshintrc
|  |--.npmignore
|  |--.travis.yml
|  |--README.md
|  |--coverage.json
|  |--lib
|  |  |--helper.js
|  |  |--index.js
|  |--package.json
|  |--test
|  |  |--#1 de-escaping.js
|  |  |--#1 escaping.js
|  |  |--#6 too many open files.js
|  |  |--_pgpass
|  |  |--helper.js
|  |  |--index.js
|  |  |--integration
|  |  |  |--#1 escaping.js
|--postgres-array
|  |--index.js
|  |--license
|  |--package.json
|  |--readme.md
|--postgres-bytea
|  |--index.js
|  |--license
|  |--package.json
|  |--readme.md
|--postgres-date
|  |--index.js
|  |--license
|  |--package.json
|  |--readme.md
|--postgres-interval
|  |--index.js
|  |--license
|  |--package.json
|  |--readme.md
|--proxy-addr
|  |--HISTORY.md
|  |--LICENSE
|  |--README.md
|  |--index.js
|  |--package.json
|--qs
|  |--.eslintignore
|  |--.eslintrc
|  |--.jscs.json
|  |--CHANGELOG.md
|  |--CONTRIBUTING.md
|  |--LICENSE
|  |--dist
|  |  |--qs.js
|  |--lib
|  |  |--index.js
|  |  |--parse.js
|  |  |--stringify.js
|  |  |--utils.js
|  |--package.json
|  |--test
|  |  |--index.js
|  |  |--parse.js
|  |  |--stringify.js
|  |  |--utils.js
|--random-bytes
|  |--HISTORY.md
|  |--LICENSE
|  |--README.md
|  |--index.js
|  |--package.json
|--range-parser
|  |--HISTORY.md
|  |--LICENSE
|  |--README.md
|  |--index.js
|  |--package.json
|--raw-body
|  |--HISTORY.md
|  |--LICENSE
|  |--README.md
|  |--index.js
|  |--package.json
|--rsa-pem-from-mod-exp
|  |--.npmignore
|  |--LICENSE
|  |--README.md
|  |--index.js
|  |--package.json
|  |--test
|  |  |--index.tests.js
|  |  |--input.json
|  |  |--signature.tests.js
|--safe-buffer
|  |--.travis.yml
|  |--LICENSE
|  |--README.md
|  |--browser.js
|  |--index.js
|  |--package.json
|  |--test.js
|--semver
|  |--.npmignore
|  |--LICENSE
|  |--Makefile
|  |--README.md
|  |--bin
|  |  |--semver
|  |--foot.js.txt
|  |--head.js.txt
|  |--package.json
|  |--semver.browser.js
|  |--semver.browser.js.gz
|  |--semver.js
|  |--semver.min.js
|  |--semver.min.js.gz
|  |--test
|  |  |--amd.js
|  |  |--big-numbers.js
|  |  |--clean.js
|  |  |--gtr.js
|  |  |--index.js
|  |  |--ltr.js
|  |  |--major-minor-patch.js
|  |  |--no-module.js
|--send
|  |--HISTORY.md
|  |--LICENSE
|  |--README.md
|  |--index.js
|  |--package.json
|--serve-favicon
|  |--HISTORY.md
|  |--LICENSE
|  |--README.md
|  |--index.js
|  |--node_modules
|  |  |--ms
|  |  |  |--LICENSE.md
|  |  |  |--README.md
|  |  |  |--index.js
|  |  |  |--package.json
|  |--package.json
|--serve-static
|  |--HISTORY.md
|  |--LICENSE
|  |--README.md
|  |--index.js
|  |--package.json
|--setprototypeof
|  |--LICENSE
|  |--README.md
|  |--index.js
|  |--package.json
|--spex
|  |--README.md
|  |--lib
|  |  |--adapter.js
|  |  |--errors
|  |  |  |--batch.js
|  |  |  |--index.js
|  |  |  |--page.js
|  |  |  |--sequence.js
|  |  |--ext
|  |  |  |--batch.js
|  |  |  |--page.js
|  |  |  |--sequence.js
|  |  |  |--stream
|  |  |  |  |--index.js
|  |  |  |  |--read.js
|  |  |--index.js
|  |  |--utils
|  |  |  |--index.js
|  |  |  |--static.js
|  |--package.json
|  |--typescript
|  |  |--README.md
|  |  |--spex.d.ts
|--split
|  |--.npmignore
|  |--.travis.yml
|  |--LICENCE
|  |--examples
|  |  |--pretty.js
|  |--index.js
|  |--package.json
|  |--readme.markdown
|  |--test
|  |  |--options.asynct.js
|  |  |--partitioned_unicode.js
|  |  |--split.asynct.js
|  |  |--try_catch.asynct.js
|--statuses
|  |--HISTORY.md
|  |--LICENSE
|  |--README.md
|  |--codes.json
|  |--index.js
|  |--package.json
|--through
|  |--.travis.yml
|  |--LICENSE.APACHE2
|  |--LICENSE.MIT
|  |--index.js
|  |--package.json
|  |--readme.markdown
|  |--test
|  |  |--async.js
|  |  |--auto-destroy.js
|  |  |--buffering.js
|  |  |--end.js
|  |  |--index.js
|--type-is
|  |--HISTORY.md
|  |--LICENSE
|  |--README.md
|  |--index.js
|  |--package.json
|--uid-safe
|  |--HISTORY.md
|  |--LICENSE
|  |--README.md
|  |--index.js
|  |--package.json
|--unpipe
|  |--HISTORY.md
|  |--LICENSE
|  |--README.md
|  |--index.js
|  |--package.json
|--urlsafe-base64
|  |--.npmignore
|  |--index.js
|  |--lib
|  |  |--urlsafe-base64.js
|  |--package.json
|  |--readme.md
|--utils-merge
|  |--.travis.yml
|  |--LICENSE
|  |--README.md
|  |--index.js
|  |--package.json
|--vary
|  |--HISTORY.md
|  |--LICENSE
|  |--README.md
|  |--index.js
|  |--package.json
|--xtend
|  |--.jshintrc
|  |--.npmignore
|  |--LICENCE
|  |--Makefile
|  |--README.md
|  |--immutable.js
|  |--mutable.js
|  |--package.json
|  |--test.js
